.............
.............
.............
.............
.............
.............
.............
.............
....*****....
.......*.....
......*......
.....*.......
....*****....
.............
.............
.............
.............
.............
.............
.............
.............
*** Life<ConwayCell> 21x13 ***

Generation = 0, Population = 13.
.............
.............
.............
.............
.............
.............
.............
.............
....*****....
.......*.....
......*......
.....*.......
....*****....
.............
.............
.............
.............
.............
.............
.............
.............

Generation = 1, Population = 17.
.............
.............
.............
.............
.............
.............
.............
.....***.....
.....****....
........*....
......*......
....*........
....****.....
.....***.....
.............
.............
.............
.............
.............
.............
.............

Generation = 2, Population = 14.
.............
.............
.............
.............
.............
.............
......*......
.....*..*....
.....*..*....
.....*..*....
.............
....*..*.....
....*..*.....
....*..*.....
......*......
.............
.............
.............
.............
.............
.............

Generation = 3, Population = 18.
.............
.............
.............
.............
.............
.............
.............
.....***.....
....******...
.............
.............
.............
...******....
.....***.....
.............
.............
.............
.............
.............
.............
.............

Generation = 4, Population = 16.
.............
.............
.............
.............
.............
.............
......*......
....*........
....*...*....
.....****....
.............
....****.....
....*...*....
........*....
......*......
.............
.............
.............
.............
.............
.............

Generation = 5, Population = 18.
.............
.............
.............
.............
.............
.............
.............
.....*.......
....*.*.*....
.....****....
....*...*....
....****.....
....*.*.*....
.......*.....
.............
.............
.............
.............
.............
.............
.............

Generation = 6, Population = 16.
.............
.............
.............
.............
.............
.............
.............
.....*.......
....*...*....
....*.*.**...
....*...*....
...**.*.*....
....*...*....
.......*.....
.............
.............
.............
.............
.............
.............
.............

Generation = 7, Population = 18.
.............
.............
.............
.............
.............
.............
.............
.............
....*..***...
...**...**...
....*...*....
...**...**...
...***..*....
.............
.............
.............
.............
.............
.............
.............
.............

Generation = 8, Population = 18.
.............
.............
.............
.............
.............
.............
.............
........*....
...**..*.*...
...***.......
.....*.*.....
.......***...
...*.*..**...
....*........
.............
.............
.............
.............
.............
.............
.............

Generation = 9, Population = 16.
.............
.............
.............
.............
.............
.............
.............
........*....
...*.*..*....
...*.*..*....
.....*.*.....
....*..*.*...
....*..*.*...
....*........
.............
.............
.............
.............
.............
.............
.............

Generation = 10, Population = 14.
.............
.............
.............
.............
.............
.............
.............
.............
.......***...
.....*.**....
.....*.*.....
....**.*.....
...***.......
.............
.............
.............
.............
.............
.............
.............
.............

Generation = 11, Population = 12.
.............
.............
.............
.............
.............
.............
.............
........*....
......**.*...
.........*...
.....*.*.....
...*.........
...*.**......
....*........
.............
.............
.............
.............
.............
.............
.............

Generation = 12, Population = 10.
.............
.............
.............
.............
.............
.............
.............
.......**....
.......*.*...
.......*.....
.............
.....*.......
...*.*.......
....**.......
.............
.............
.............
.............
.............
.............
.............


.............................
.............................
.............................
.....................*****...
........*...........*........
...*...........*****.........
.............................
.............................
.............................
.............................
.............................
.............................
...............**............
...............*.......***...
...****......................
.............................
.............................
.............................
.............................
.............................
*** Life<ConwayCell> 20x29 ***

Generation = 0, Population = 23.
.............................
.............................
.............................
.....................*****...
........*...........*........
...*...........*****.........
.............................
.............................
.............................
.............................
.............................
.............................
...............**............
...............*.......***...
...****......................
.............................
.............................
.............................
.............................
.............................

Generation = 4, Population = 31.
.............................
.............................
.................**.....**...
................*..*.....*...
...............*..*...*..*...
...............*.....*..*....
...............**.....**.....
.............................
.............................
.............................
.............................
.............................
...............**............
....**.........**......***...
...*..*......................
....**.......................
.............................
.............................
.............................
.............................

Generation = 8, Population = 41.
.............................
.................*.......**..
...............**.*.....*..*.
..................*....**..*.
.............**...........**.
.............*..**....*......
.............*..*.....*.**...
..............**.......*.....
.............................
.............................
.............................
.............................
...............**............
....**.........**......***...
...*..*......................
....**.......................
.............................
.............................
.............................
.............................

Generation = 12, Population = 74.
........................**...
........................**.**
.............******....*....*
.............*..*.***.***...*
...........**.******.******.*
...........*....***.***.*..*.
...........*.....*....******.
............**.**............
...............**............
.............................
.............................
.............................
...............**............
....**.........**......***...
...*..*......................
....**.......................
.............................
.............................
.............................
.............................

Generation = 16, Population = 51.
...............*.............
...............*........*....
........................*.***
..........**.**...........*..
..........**.**...........*..
.........*....**..........*..
..........***...*.........*.*
..........**.*...*.......*.*.
.............*..*........*...
.............*..*............
.............................
.............................
...............**............
....**.........**......***...
...*..*......................
....**.......................
.............................
.............................
.............................
.............................

Generation = 20, Population = 45.
.............................
.............................
.........................***.
.........**...**.............
........**.....**............
.......*.................*...
........***...***.......***..
.........**..*..........*..*.
.................*........*..
..............*.*............
...............*.............
.............................
...............**............
....**.........**......***...
...*..*......................
....**.......................
.............................
.............................
.............................
.............................

Generation = 24, Population = 55.
.............................
.............................
........***....*.........***.
.......*.....**.**.......*...
......*.....*............*...
......*....*......*....*..**.
......**.**......*.........*.
........***.*...**.....**.**.
.........................*...
.............**..............
.............................
.............*...............
.............*..*............
....**.........**......***...
...*..*......................
....**.......................
.............................
.............................
.............................
.............................

Generation = 28, Population = 44.
.............................
........**...............**..
.......*..*....**.........*..
.....**.***...*..*...........
....*....*...*...*......*....
....*..*....*..............*.
....*..*.......***........*.*
..........................*.*
...........................*.
.............................
.............................
.............................
.............................
....**.................***...
...*..*......................
....**.......................
.............................
.............................
.............................
.............................


